<?xml version="1.0" encoding="UTF-8"?>
<testsuites>
  <testsuite name="" tests="2" assertions="2" errors="0" warnings="0" failures="0" skipped="0" time="0.013166">
    <testsuite name="snapshot" tests="2" assertions="2" errors="0" warnings="0" failures="0" skipped="0" time="0.013166">
      <testsuite name="PartyMinder\Tests\Snapshot\EmailTemplateTest" file="/Users/lonnholiday/Local Sites/socialpartyminderlocal/app/public/wp-content/plugins/partyminder/tests/Snapshot/EmailTemplateTest.php" tests="2" assertions="2" errors="0" warnings="0" failures="0" skipped="0" time="0.013166">
        <testcase name="test_invitation_email_html_output" class="PartyMinder\Tests\Snapshot\EmailTemplateTest" classname="PartyMinder.Tests.Snapshot.EmailTemplateTest" file="/Users/lonnholiday/Local Sites/socialpartyminderlocal/app/public/wp-content/plugins/partyminder/tests/Snapshot/EmailTemplateTest.php" line="19" assertions="1" time="0.012853"/>
        <testcase name="test_rsvp_confirmation_email_output" class="PartyMinder\Tests\Snapshot\EmailTemplateTest" classname="PartyMinder.Tests.Snapshot.EmailTemplateTest" file="/Users/lonnholiday/Local Sites/socialpartyminderlocal/app/public/wp-content/plugins/partyminder/tests/Snapshot/EmailTemplateTest.php" line="67" assertions="1" time="0.000313"/>
      </testsuite>
    </testsuite>
  </testsuite>
</testsuites>
